<?xml version="1.0" encoding="UTF-8"?>
<testsuite xmlns:xsi="http://www.w3.org/2001/XMLSchema-instance" xsi:noNamespaceSchemaLocation="https://maven.apache.org/surefire/maven-surefire-plugin/xsd/surefire-test-report-3.0.xsd" version="3.0" name="TestSuite" time="22.638" tests="5" errors="0" skipped="0" failures="0">
  <properties>
[...]
</properties>
  <testcase name="CP001_retomaFormularioContratacion" classname="tests.Tests" time="10.185">
    <system-out><![CDATA[Inicio de suite de pruebas automatizadas
https://publico.transbank.cl/
]]></system-out>
    <system-err><![CDATA[Starting ChromeDriver 79.0.3945.36 (3582db32b33893869b8c1339e8f4d9ed1816f143-refs/branch-heads/3945@{#614}) on port 42066
Only local connections are allowed.
Please protect ports used by ChromeDriver and related test frameworks to prevent access by malicious code.
jul 05, 2021 11:59:16 AM org.openqa.selenium.remote.ProtocolHandshake createSession
INFORMACIÓN: Detected dialect: W3C
]]></system-err>
  </testcase>
  <testcase name="CP002" classname="tests.Tests" time="0">
    <system-out><![CDATA[https://publico.transbank.cl/
]]></system-out>
  </testcase>
  <testcase name="CP003" classname="tests.Tests" time="0">
    <system-out><![CDATA[https://publico.transbank.cl/
]]></system-out>
  </testcase>
  <testcase name="CP004" classname="tests.Tests" time="0">
    <system-out><![CDATA[https://publico.transbank.cl/
]]></system-out>
  </testcase>
  <testcase name="CP005" classname="tests.Tests" time="0">
    <system-out><![CDATA[https://publico.transbank.cl/
]]></system-out>
  </testcase>
</testsuite>