<?xml version="1.0" encoding="UTF-8"?>
<!-- Generated by org.testng.reporters.JUnitXMLReporter -->
<testsuite hostname="CL-NB-650" ignored="0" name="Tests curso automatización" tests="5" failures="0" timestamp="05 jul 2021 15:59:35 GMT" time="21.794" errors="0">
  <testcase name="CP001_retomaFormularioContratacion" time="10.511" classname="tests.Tests"/>
  <testcase name="CP002" time="0.0" classname="tests.Tests"/>
  <testcase name="CP003" time="0.0" classname="tests.Tests"/>
  <testcase name="CP004" time="0.0" classname="tests.Tests"/>
  <testcase name="CP005" time="0.0" classname="tests.Tests"/>
</testsuite> <!-- Tests curso automatización -->
